[20:57:20] [main/INFO]: Setting user: Player468
[20:57:23] [Client thread/INFO]: LWJGL Version: 2.9.1
[20:57:33] [Client thread/INFO]: Reloading ResourceManager: Default, FMLFileResourcePack:Forge Mod Loader, FMLFileResourcePack:Minecraft Forge, FMLFileResourcePack:Chat Utilities
[20:57:34] [Sound Library Loader/INFO]: Sound engine started
[20:57:39] [Client thread/INFO]: Created: 512x256 textures/blocks-atlas
[20:57:39] [Client thread/INFO]: Created: 256x256 textures/items-atlas
[20:57:39] [Client thread/INFO]: Reloading ResourceManager: Default, FMLFileResourcePack:Forge Mod Loader, FMLFileResourcePack:Minecraft Forge, FMLFileResourcePack:Chat Utilities
[20:57:40] [Client thread/INFO]: Created: 256x256 textures/items-atlas
[20:57:40] [Client thread/INFO]: Created: 512x256 textures/blocks-atlas
[20:57:41] [Sound Library Loader/INFO]: Sound engine started
[20:57:50] [Server thread/INFO]: Starting integrated minecraft server version 1.7.10
[20:57:50] [Server thread/INFO]: Generating keypair
[20:57:51] [Server thread/INFO]: Preparing start region for level 0
[20:57:52] [Server thread/INFO]: Preparing spawn area: 75%
[20:57:52] [Server thread/INFO]: Changing view distance to 12, from 10
[20:57:54] [Server thread/INFO]: Player468[local:E:c3998f3b] logged in with entity id 188 at (-636.548705310062, 4.310453064152189, -308.54509328076335)
[20:57:54] [Server thread/INFO]: Player468 joined the game
[20:57:56] [Server thread/WARN]: Can't keep up! Did the system time change, or is the server overloaded? Running 2251ms behind, skipping 45 tick(s)
[20:58:00] [Server thread/INFO]: Player468 has just earned the achievement [Taking Inventory]
[20:58:00] [Client thread/INFO]: [CHAT] Player468 has just earned the achievement [Taking Inventory]
[20:58:37] [Server thread/INFO]: Saving and pausing game...
[20:58:37] [Server thread/INFO]: Saving chunks for level 'New World'/Overworld
[20:58:37] [Server thread/INFO]: Saving chunks for level 'New World'/Nether
[20:58:37] [Server thread/INFO]: Saving chunks for level 'New World'/The End
[20:58:40] [Server thread/INFO]: Changing view distance to 8, from 12
[20:58:46] [Server thread/INFO]: Saving and pausing game...
[20:58:46] [Server thread/INFO]: Saving chunks for level 'New World'/Overworld
[20:58:46] [Server thread/INFO]: Saving chunks for level 'New World'/Nether
[20:58:46] [Server thread/INFO]: Saving chunks for level 'New World'/The End
[20:58:47] [Server thread/INFO]: Stopping server
[20:58:47] [Server thread/INFO]: Saving players
[20:58:47] [Server thread/INFO]: Saving worlds
[20:58:47] [Server thread/INFO]: Saving chunks for level 'New World'/Overworld
[20:58:47] [Server thread/INFO]: Saving chunks for level 'New World'/Nether
[20:58:47] [Server thread/INFO]: Saving chunks for level 'New World'/The End
[20:58:48] [Client thread/INFO]: Stopping!
